Description
===========

- key1: length of data array (here 10, 20, 40, ...)
- key2: number of requests (here 1, 2, 4, 8, 16, 32) to lists:nth or
  ord_stat:rank
- aggregated timing data using sort
- aggregated timing data using order statistic

Summary
=======

Order statistic wins for very big data array. For moderately sized data
it is faster to use sort + lists:nth

Data
====

[{10,
  [{1,
    {[{min,1},{max,7},{median,3},{avg,3.033333333333333}],
     [{min,4},{max,1065},{median,7},{avg,13.427777777777777}]}},
   {2,
    {[{min,2},{max,6},{median,3},{avg,3.0}],
     [{min,7},{max,38},{median,16},{avg,17.3}]}},
   {4,
    {[{min,2},{max,13},{median,3},{avg,3.438888888888889}],
     [{min,14},{max,81},{median,35},{avg,37.01111111111111}]}},
   {8,
    {[{min,3},{max,9},{median,4},{avg,4.122222222222222}],
     [{min,42},{max,146},{median,69},{avg,73.2388888888889}]}},
   {16,
    {[{min,2},{max,23},{median,4},{avg,4.383333333333334}],
     [{min,42},{max,605},{median,79},{avg,85.62777777777778}]}},
   {32,
    {[{min,3},{max,8},{median,4},{avg,4.2444444444444445}],
     [{min,50},{max,189},{median,78},{avg,82.78333333333333}]}}]},
 {20,
  [{1,
    {[{min,4},{max,10},{median,5},{avg,5.2444444444444445}],
     [{min,5},{max,41},{median,11},{avg,11.533333333333333}]}},
   {2,
    {[{min,4},{max,13},{median,5},{avg,5.616666666666666}],
     [{min,11},{max,62},{median,28},{avg,28.67222222222222}]}},
   {4,
    {[{min,5},{max,16},{median,6},{avg,6.261111111111111}],
     [{min,31},{max,130},{median,58},{avg,60.52777777777778}]}},
   {8,
    {[{min,6},{max,35},{median,7},{avg,7.977777777777778}],
     [{min,81},{max,309},{median,122},{avg,126.58333333333333}]}},
   {16,
    {[{min,8},{max,21},{median,10},{avg,10.4}],
     [{min,174},{max,411},{median,245},{avg,252.38888888888889}]}},
   {32,
    {[{min,9},{max,21},{median,10},{avg,10.96111111111111}],
     [{min,217},{max,952},{median,291},{avg,308.10555555555555}]}}]},
 {40,
  [{1,
    {[{min,9},{max,16},{median,10},{avg,10.411111111111111}],
     [{min,8},{max,78},{median,18},{avg,19.305555555555557}]}},
   {2,
    {[{min,9},{max,55},{median,11},{avg,11.2}],
     [{min,18},{max,120},{median,49},{avg,51.88333333333333}]}},
   {4,
    {[{min,10},{max,24},{median,12},{avg,12.227777777777778}],
     [{min,55},{max,213},{median,106},{avg,110.22777777777777}]}},
   {8,
    {[{min,11},{max,28},{median,14},{avg,14.327777777777778}],
     [{min,147},{max,463},{median,211},{avg,218.5388888888889}]}},
   {16,
    {[{min,17},{max,34},{median,19},{avg,19.883333333333333}],
     [{min,310},{max,763},{median,433},{avg,445.6666666666667}]}},
   {32,
    {[{min,27},{max,52},{median,29},{avg,30.366666666666667}],
     [{min,681},{max,1507},{median,857},{avg,894.2722222222222}]}}]},
 {80,
  [{1,
    {[{min,19},{max,36},{median,21},{avg,21.988888888888887}],
     [{min,14},{max,109},{median,30},{avg,34.47222222222222}]}},
   {2,
    {[{min,20},{max,37},{median,22},{avg,22.77777777777778}],
     [{min,48},{max,202},{median,83},{avg,88.13888888888889}]}},
   {4,
    {[{min,22},{max,40},{median,24},{avg,25.377777777777776}],
     [{min,105},{max,348},{median,178},{avg,189.55}]}},
   {8,
    {[{min,26},{max,79},{median,28},{avg,29.566666666666666}],
     [{min,261},{max,973},{median,371},{avg,385.5833333333333}]}},
   {16,
    {[{min,33},{max,85},{median,36},{avg,37.65555555555556}],
     [{min,589},{max,1352},{median,740},{avg,776.9}]}},
   {32,
    {[{min,55},{max,99},{median,58},{avg,61.2}],
     [{min,1171},{max,4667},{median,1524},{avg,1603.9944444444445}]}}]},
 {160,
  [{1,
    {[{min,43},{max,77},{median,47},{avg,49.3}],
     [{min,25},{max,164},{median,56},{avg,62.46111111111111}]}},
   {2,
    {[{min,45},{max,80},{median,49},{avg,50.81111111111111}],
     [{min,73},{max,342},{median,153},{avg,157.6888888888889}]}},
   {4,
    {[{min,49},{max,81},{median,53},{avg,53.455555555555556}],
     [{min,209},{max,824},{median,336},{avg,345.4888888888889}]}},
   {8,
    {[{min,57},{max,95},{median,61},{avg,62.26111111111111}],
     [{min,469},{max,1190},{median,676},{avg,687.5}]}},
   {16,
    {[{min,72},{max,603},{median,76},{avg,80.88888888888889}],
     [{min,1026},{max,2456},{median,1356},{avg,1381.5055555555555}]}},
   {32,
    {[{min,103},{max,182},{median,108},{avg,111.67777777777778}],
     [{min,2327},{max,4989},{median,2736},{avg,2847.1944444444443}]}}]},
 {320,
  [{1,
    {[{min,98},{max,163},{median,103},{avg,109.38888888888889}],
     [{min,51},{max,337},{median,109},{avg,117.18333333333334}]}},
   {2,
    {[{min,101},{max,177},{median,107},{avg,112.83333333333333}],
     [{min,154},{max,873},{median,300},{avg,319.3}]}},
   {4,
    {[{min,108},{max,175},{median,115},{avg,119.66111111111111}],
     [{min,433},{max,1432},{median,653},{avg,676.6055555555556}]}},
   {8,
    {[{min,125},{max,229},{median,130},{avg,133.96666666666667}],
     [{min,917},{max,2357},{median,1272},{avg,1309.1333333333334}]}},
   {16,
    {[{min,157},{max,241},{median,161},{avg,163.31666666666666}],
     [{min,2089},{max,4691},{median,2538},{avg,2586.5944444444444}]}},
   {32,
    {[{min,217},{max,340},{median,222},{avg,226.67777777777778}],
     [{min,4423},{max,7961},{median,5193},{avg,5199.822222222222}]}}]},
 {640,
  [{1,
    {[{min,215},{max,356},{median,221},{avg,228.37222222222223}],
     [{min,102},{max,623},{median,209},{avg,222.75}]}},
   {2,
    {[{min,222},{max,363},{median,228},{avg,233.3}],
     [{min,296},{max,950},{median,546},{avg,569.1333333333333}]}},
   {4,
    {[{min,239},{max,363},{median,244},{avg,247.94444444444446}],
     [{min,751},{max,2454},{median,1230},{avg,1235.638888888889}]}},
   {8,
    {[{min,268},{max,420},{median,275},{avg,283.47222222222223}],
     [{min,1742},{max,5144},{median,2486},{avg,2532.5944444444444}]}},
   {16,
    {[{min,331},{max,557},{median,338},{avg,349.3888888888889}],
     [{min,4042},{max,7970},{median,5029},{avg,5091.544444444445}]}},
   {32,
    {[{min,453},{max,999},{median,459},{avg,472.47222222222223}],
     [{min,8524},{max,14809},{median,9918},{avg,10019.333333333334}]}}]},
 {1280,
  [{1,
    {[{min,477},{max,666},{median,505},{avg,509.2388888888889}],
     [{min,181},{max,988},{median,390},{avg,404.05}]}},
   {2,
    {[{min,495},{max,706},{median,520},{avg,521.9944444444444}],
     [{min,537},{max,1765},{median,1100},{avg,1090.7055555555555}]}},
   {4,
    {[{min,524},{max,764},{median,548},{avg,554.0222222222222}],
     [{min,1509},{max,3497},{median,2434},{avg,2429.3777777777777}]}},
   {8,
    {[{min,587},{max,1200},{median,614},{avg,630.1611111111112}],
     [{min,3146},{max,6422},{median,4831},{avg,4864.777777777777}]}},
   {16,
    {[{min,711},{max,1116},{median,736},{avg,751.65}],
     [{min,7923},{max,16561},{median,9768},{avg,9835.41111111111}]}},
   {32,
    {[{min,956},{max,1600},{median,981},{avg,1018.3055555555555}],
     [{min,16483},{max,31041},{median,19715},{avg,20141.044444444444}]}}]},
 {2560,
  [{1,
    {[{min,1040},{max,2241},{median,1102},{avg,1133.4555555555555}],
     [{min,384},{max,1575},{median,786},{avg,812.4666666666667}]}},
   {2,
    {[{min,1067},{max,1914},{median,1141},{avg,1171.1333333333334}],
     [{min,1287},{max,3882},{median,2127},{avg,2171.5}]}},
   {4,
    {[{min,1131},{max,1846},{median,1216},{avg,1240.0055555555555}],
     [{min,2916},{max,7616},{median,4736},{avg,4805.572222222222}]}},
   {8,
    {[{min,1257},{max,1878},{median,1327},{avg,1355.5166666666667}],
     [{min,6774},{max,17168},{median,9634},{avg,9795.011111111111}]}},
   {16,
    {[{min,1499},{max,2421},{median,1576},{avg,1617.2611111111112}],
     [{min,15690},{max,29169},{median,19229},{avg,19488.722222222223}]}},
   {32,
    {[{min,1983},{max,3265},{median,2080},{avg,2154.883333333333}],
     [{min,33361},{max,67422},{median,38692},{avg,39734.84444444445}]}}]},
 {5120,
  [{1,
    {[{min,2310},{max,3770},{median,2436},{avg,2518.6388888888887}],
     [{min,762},{max,3268},{median,1592},{avg,1645.2722222222221}]}},
   {2,
    {[{min,2366},{max,3602},{median,2529},{avg,2608.738888888889}],
     [{min,2161},{max,8717},{median,4474},{avg,4522.427777777778}]}},
   {4,
    {[{min,2491},{max,3652},{median,2661},{avg,2723.311111111111}],
     [{min,6108},{max,15016},{median,9429},{avg,9551.81111111111}]}},
   {8,
    {[{min,2737},{max,4297},{median,2948},{avg,3039.9333333333334}],
     [{min,13298},{max,31447},{median,19413},{avg,19742.172222222223}]}},
   {16,
    {[{min,3239},{max,5465},{median,3456},{avg,3553.0055555555555}],
     [{min,32418},{max,60755},{median,39571},{avg,39786.05}]}},
   {32,
    {[{min,4214},{max,6298},{median,4444},{avg,4549.5}],
     [{min,65121},{max,110537},{median,79349},{avg,80027.41666666667}]}}]},
 {10240,
  [{1,
    {[{min,5263},{max,9732},{median,5660},{avg,5829.655555555555}],
     [{min,1577},{max,8189},{median,3304},{avg,3473.738888888889}]}},
   {2,
    {[{min,5368},{max,8105},{median,5727},{avg,5877.277777777777}],
     [{min,4178},{max,19447},{median,8728},{avg,9067.972222222223}]}},
   {4,
    {[{min,5632},{max,8319},{median,5998},{avg,6135.7555555555555}],
     [{min,11712},{max,34466},{median,19136},{avg,19355.96111111111}]}},
   {8,
    {[{min,6094},{max,8717},{median,6501},{avg,6652.616666666667}],
     [{min,28504},{max,62949},{median,39560},{avg,40069.433333333334}]}},
   {16,
    {[{min,7067},{max,14004},{median,7495},{avg,7755.611111111111}],
     [{min,67195},{max,139692},{median,80178},{avg,81813.73888888888}]}},
   {32,
    {[{min,9089},{max,14352},{median,9560},{avg,9743.477777777778}],
     [{min,136124},{max,234630},{median,159970},{avg,162727.70555555556}]}}]},
 {20480,
  [{1,
    {[{min,11548},{max,19350},{median,12631},{avg,12866.827777777778}],
     [{min,3187},{max,13555},{median,6891},{avg,7009.094444444445}]}},
   {2,
    {[{min,11700},{max,20703},{median,12794},{avg,13158.488888888889}],
     [{min,10411},{max,38979},{median,17713},{avg,18567.033333333333}]}},
   {4,
    {[{min,12245},{max,18705},{median,13404},{avg,13604.066666666668}],
     [{min,26435},{max,66329},{median,39208},{avg,39905.71666666667}]}},
   {8,
    {[{min,13328},{max,21117},{median,14354},{avg,14723.7}],
     [{min,60496},{max,119636},{median,81894},{avg,82229.52777777778}]}},
   {16,
    {[{min,15136},{max,24001},{median,16367},{avg,16653.516666666666}],
     [{min,132695},{max,251599},{median,164669},{avg,165702.36666666667}]}},
   {32,
    {[{min,19167},{max,29591},{median,20629},{avg,20894.8}],
     [{min,276031},{max,404268},{median,330099},{avg,334545.9}]}}]},
 {40960,
  [{1,
    {[{min,25342},{max,34514},{median,28137},{avg,28063.316666666666}],
     [{min,6350},{max,34617},{median,12836},{avg,13885.238888888889}]}},
   {2,
    {[{min,26225},{max,42303},{median,28550},{avg,28820.216666666667}],
     [{min,21210},{max,81976},{median,37217},{avg,38196.23333333333}]}},
   {4,
    {[{min,26731},{max,40975},{median,29418},{avg,29995.172222222223}],
     [{min,51661},{max,152376},{median,83659},{avg,85358.12222222223}]}},
   {8,
    {[{min,28854},{max,44876},{median,31929},{avg,32147.866666666665}],
     [{min,125507},{max,255708},{median,166503},{avg,168309.01666666666}]}},
   {16,
    {[{min,33279},{max,54656},{median,35698},{avg,36427.38888888889}],
     [{min,266499},{max,463207},{median,339695},{avg,339908.8}]}},
   {32,
    {[{min,40429},{max,61618},{median,43687},{avg,44547.86111111111}],
     [{min,591642},{max,950706},{median,679114},{avg,685495.0166666667}]}}]}]
